2020-03-31 11:58:07,918 [root, INFO] [read_simulate (116)] - Pipeline for read simulation started.
2020-03-31 11:58:07,918 [root, DEBUG] [read_simulate (117)] - Downloading genomes from NCBI...
2020-03-31 11:58:07,918 [root, DEBUG] [read_simulate (119)] - Sampling reads...
2020-03-31 11:58:53,731 [root, INFO] [read_simulate (116)] - Pipeline for read simulation started.
2020-03-31 11:58:53,731 [root, DEBUG] [read_simulate (117)] - Downloading genomes from NCBI...
2020-03-31 11:58:53,732 [root, DEBUG] [read_simulate (119)] - Sampling reads...
2020-03-31 11:59:12,613 [root, INFO] [read_simulate (116)] - Pipeline for read simulation started.
2020-03-31 11:59:12,613 [root, DEBUG] [read_simulate (117)] - Downloading genomes from NCBI...
2020-03-31 11:59:12,613 [root, DEBUG] [read_simulate (119)] - Sampling reads...
2020-03-31 11:59:50,717 [root, INFO] [read_simulate (116)] - Pipeline for read simulation started.
2020-03-31 11:59:50,717 [root, DEBUG] [read_simulate (117)] - Downloading genomes from NCBI...
2020-03-31 11:59:50,717 [root, DEBUG] [read_simulate (119)] - Sampling reads...
2020-03-31 12:00:12,431 [root, INFO] [read_simulate (116)] - Pipeline for read simulation started.
2020-03-31 12:00:12,431 [root, DEBUG] [read_simulate (117)] - Downloading genomes from NCBI...
2020-03-31 12:00:12,431 [root, DEBUG] [read_simulate (119)] - Sampling reads...
2020-03-31 12:01:38,481 [root, INFO] [read_simulate (116)] - Pipeline for read simulation started.
2020-03-31 12:01:38,481 [root, DEBUG] [read_simulate (117)] - Downloading genomes from NCBI...
2020-03-31 12:01:38,481 [root, DEBUG] [read_simulate (119)] - Sampling reads...
2020-03-31 12:01:38,603 [root, DEBUG] [read_simulate (130)] - Saving samples to FastQ file ./simulated_datasampled_read.
2020-03-31 12:02:40,281 [root, INFO] [read_simulate (116)] - Pipeline for read simulation started.
2020-03-31 12:02:40,281 [root, DEBUG] [read_simulate (117)] - Downloading genomes from NCBI...
2020-03-31 12:02:40,282 [root, DEBUG] [read_simulate (119)] - Sampling reads...
2020-03-31 12:02:40,420 [root, DEBUG] [read_simulate (130)] - Saving samples to FastQ file ./simulated_datasampled_read.
2020-03-31 12:04:27,209 [root, INFO] [read_simulate (115)] - Pipeline for read simulation started.
2020-03-31 12:04:27,209 [root, DEBUG] [read_simulate (116)] - Downloading genomes from NCBI...
2020-03-31 12:04:27,210 [root, DEBUG] [read_simulate (118)] - Sampling reads...
2020-03-31 12:04:38,245 [root, INFO] [read_simulate (115)] - Pipeline for read simulation started.
2020-03-31 12:04:38,245 [root, DEBUG] [read_simulate (116)] - Downloading genomes from NCBI...
2020-03-31 12:04:38,245 [root, DEBUG] [read_simulate (118)] - Sampling reads...
2020-03-31 12:04:38,390 [root, DEBUG] [read_simulate (129)] - Saving samples to FastQ file ./simulated_datasampled_read.
2020-03-31 12:05:16,528 [root, INFO] [read_simulate (116)] - Pipeline for read simulation started.
2020-03-31 12:05:16,528 [root, DEBUG] [read_simulate (117)] - Downloading genomes from NCBI...
2020-03-31 12:05:16,528 [root, DEBUG] [read_simulate (119)] - Sampling reads...
2020-03-31 12:05:22,758 [root, INFO] [read_simulate (116)] - Pipeline for read simulation started.
2020-03-31 12:05:22,758 [root, DEBUG] [read_simulate (117)] - Downloading genomes from NCBI...
2020-03-31 12:05:22,758 [root, DEBUG] [read_simulate (119)] - Sampling reads...
2020-03-31 12:05:22,899 [root, DEBUG] [read_simulate (130)] - Saving samples to FastQ file ./simulated_datasampled_read.
2020-03-31 12:05:54,552 [root, INFO] [read_simulate (119)] - Pipeline for read simulation started.
2020-03-31 12:05:54,553 [root, DEBUG] [read_simulate (120)] - Downloading genomes from NCBI...
2020-03-31 12:05:54,553 [root, DEBUG] [read_simulate (122)] - Sampling reads...
2020-03-31 12:05:54,689 [root, DEBUG] [read_simulate (133)] - Saving samples to FastQ file ./simulated_datasampled_read.
2020-03-31 12:25:00,996 [root, INFO] [read_simulate (118)] - Pipeline for read simulation started.
2020-03-31 12:25:00,996 [root, DEBUG] [read_simulate (119)] - Downloading genomes from NCBI...
2020-03-31 12:25:00,996 [root, DEBUG] [read_simulate (121)] - Sampling reads...
2020-03-31 12:25:01,117 [root, DEBUG] [read_simulate (132)] - Saving samples to FastQ file ./simulated_datasampled_read.
2020-03-31 12:25:34,143 [root, INFO] [read_simulate (124)] - Pipeline for read simulation started.
2020-03-31 12:25:34,143 [root, DEBUG] [read_simulate (125)] - Downloading genomes from NCBI...
2020-03-31 12:25:34,144 [root, DEBUG] [read_simulate (127)] - Sampling reads...
2020-03-31 12:25:34,269 [root, DEBUG] [read_simulate (138)] - Saving samples to FastQ file ./simulated_datasampled_read.
2020-03-31 12:26:17,661 [root, INFO] [read_simulate (124)] - Pipeline for read simulation started.
2020-03-31 12:26:17,661 [root, DEBUG] [read_simulate (125)] - Downloading genomes from NCBI...
2020-03-31 12:26:17,662 [root, DEBUG] [read_simulate (127)] - Sampling reads...
2020-03-31 12:26:17,828 [root, DEBUG] [read_simulate (138)] - Saving samples to FastQ file ./simulated_datasampled_read.
2020-03-31 12:26:20,444 [root, INFO] [read_simulate (124)] - Pipeline for read simulation started.
2020-03-31 12:26:20,444 [root, DEBUG] [read_simulate (125)] - Downloading genomes from NCBI...
2020-03-31 12:26:20,445 [root, DEBUG] [read_simulate (127)] - Sampling reads...
2020-03-31 12:26:20,587 [root, DEBUG] [read_simulate (138)] - Saving samples to FastQ file ./simulated_datasampled_read.
2020-03-31 12:26:35,688 [root, INFO] [read_simulate (124)] - Pipeline for read simulation started.
2020-03-31 12:26:35,688 [root, DEBUG] [read_simulate (125)] - Downloading genomes from NCBI...
2020-03-31 12:26:35,688 [root, DEBUG] [read_simulate (127)] - Sampling reads...
2020-03-31 12:26:35,811 [root, DEBUG] [read_simulate (138)] - Saving samples to FastQ file ./simulated_datasampled_read.
2020-03-31 12:27:03,701 [root, INFO] [read_simulate (124)] - Pipeline for read simulation started.
2020-03-31 12:27:03,701 [root, DEBUG] [read_simulate (125)] - Downloading genomes from NCBI...
2020-03-31 12:27:03,702 [root, DEBUG] [read_simulate (127)] - Sampling reads...
2020-03-31 12:27:03,838 [root, DEBUG] [read_simulate (138)] - Saving samples to FastQ file ./simulated_datasampled_read.
2020-03-31 12:28:25,425 [root, INFO] [read_simulate (124)] - Pipeline for read simulation started.
2020-03-31 12:28:25,425 [root, DEBUG] [read_simulate (125)] - Downloading genomes from NCBI...
2020-03-31 12:28:25,425 [root, DEBUG] [read_simulate (127)] - Sampling reads...
2020-03-31 12:28:51,729 [root, INFO] [read_simulate (124)] - Pipeline for read simulation started.
2020-03-31 12:28:51,729 [root, DEBUG] [read_simulate (125)] - Downloading genomes from NCBI...
2020-03-31 12:28:51,729 [root, DEBUG] [read_simulate (127)] - Sampling reads...
2020-03-31 12:28:51,855 [root, DEBUG] [read_simulate (138)] - Saving samples to FastQ file ./simulated_datasampled_read.
2020-03-31 12:28:58,337 [root, INFO] [read_simulate (124)] - Pipeline for read simulation started.
2020-03-31 12:28:58,338 [root, DEBUG] [read_simulate (125)] - Downloading genomes from NCBI...
2020-03-31 12:28:58,338 [root, DEBUG] [read_simulate (127)] - Sampling reads...
2020-03-31 12:28:58,473 [root, DEBUG] [read_simulate (138)] - Saving samples to FastQ file ./simulated_datasampled_read.
2020-03-31 12:33:35,944 [root, INFO] [read_simulate (130)] - Pipeline for read simulation started.
2020-03-31 12:33:35,944 [root, DEBUG] [read_simulate (131)] - Downloading genomes from NCBI...
2020-03-31 12:33:35,944 [root, DEBUG] [read_simulate (133)] - Sampling reads...
2020-03-31 12:33:36,065 [root, DEBUG] [read_simulate (144)] - Saving samples to FastQ file ./simulated_datasampled_read.
2020-03-31 12:36:08,603 [root, INFO] [read_simulate (133)] - Pipeline for read simulation started.
2020-03-31 12:36:08,603 [root, DEBUG] [read_simulate (134)] - Downloading genomes from NCBI...
2020-03-31 12:36:08,603 [root, DEBUG] [read_simulate (136)] - Sampling reads...
2020-03-31 12:36:08,717 [root, DEBUG] [read_simulate (147)] - Saving samples to FastQ file ./simulated_datasampled_read.
2020-03-31 12:40:28,869 [root, INFO] [read_simulate (132)] - Pipeline for read simulation started.
2020-03-31 12:40:28,869 [root, DEBUG] [read_simulate (133)] - Downloading genomes from NCBI...
2020-03-31 12:40:28,870 [root, DEBUG] [read_simulate (135)] - Sampling reads...
2020-03-31 12:40:29,005 [root, DEBUG] [read_simulate (146)] - Saving samples to FastQ file ./simulated_datasampled_read.
2020-03-31 12:52:08,140 [root, INFO] [read_simulate (132)] - Pipeline for read simulation started.
2020-03-31 12:52:08,141 [root, DEBUG] [read_simulate (133)] - Downloading genomes from NCBI...
2020-03-31 12:52:08,141 [root, DEBUG] [read_simulate (135)] - Sampling reads...
2020-03-31 12:52:08,261 [root, DEBUG] [read_simulate (146)] - Saving samples to FastQ file ./simulated_datasampled_read.
2020-03-31 12:52:08,268 [root, INFO] [read_simulate (148)] - Reads finished sampling.
2020-03-31 12:53:19,866 [root, INFO] [read_simulate (132)] - Pipeline for read simulation started.
2020-03-31 12:53:19,867 [root, DEBUG] [read_simulate (133)] - Downloading genomes from NCBI...
2020-03-31 12:53:19,867 [root, DEBUG] [read_simulate (135)] - Sampling reads...
2020-03-31 12:53:19,988 [root, DEBUG] [read_simulate (146)] - Saving samples to FastQ file ./simulated_datasampled_read.
2020-03-31 12:53:19,994 [root, INFO] [read_simulate (148)] - Reads finished sampling.
2020-03-31 12:59:56,932 [root, INFO] [read_simulate (109)] - Pipeline for read simulation started.
2020-03-31 12:59:56,933 [root, DEBUG] [read_simulate (111)] - Downloading genomes from NCBI...
2020-03-31 12:59:56,933 [root, DEBUG] [read_simulate (113)] - Sampling reads...
2020-03-31 12:59:57,069 [root, DEBUG] [read_simulate (122)] - Saving samples to FastQ file ./simulated_datasampled_read.
2020-03-31 12:59:57,074 [root, INFO] [read_simulate (124)] - Reads finished sampling.
2020-03-31 13:00:15,262 [root, INFO] [read_simulate (109)] - Pipeline for read simulation started.
2020-03-31 13:00:15,263 [root, DEBUG] [read_simulate (111)] - Downloading genomes from NCBI...
2020-03-31 13:00:15,263 [root, DEBUG] [read_simulate (113)] - Sampling reads...
2020-03-31 13:00:15,391 [root, DEBUG] [read_simulate (122)] - Saving samples to FastQ file ./simulated_datasampled_read.
2020-03-31 13:00:15,396 [root, INFO] [read_simulate (124)] - Reads finished sampling.
2020-03-31 13:01:55,851 [root, INFO] [read_simulate (109)] - Pipeline for read simulation started.
2020-03-31 13:01:55,852 [root, DEBUG] [read_simulate (111)] - Downloading genomes from NCBI...
2020-03-31 13:01:55,853 [root, DEBUG] [read_simulate (113)] - Sampling reads...
2020-03-31 13:01:55,981 [root, DEBUG] [read_simulate (122)] - Saving samples to FastQ file ./simulated_datasampled_read.
2020-03-31 13:01:55,987 [root, INFO] [read_simulate (124)] - Reads finished sampling.
2020-03-31 13:33:18,558 [root, INFO] [inference (109)] - Pipeline for inference started.
